[01m[K/home/pl/ros2_ws1/src/haik/sdk_topic_cpp/src/grab.cpp:6:10:[m[K [01;31m[Kfatal error: [m[Kstd_srvs/srv/set_bool.hpp: æ²¡æœ‰é‚£ä¸ªæ–‡ä»¶æˆ–ç›®å½•
    6 | #include [01;31m[K<std_srvs/srv/set_bool.hpp>[m[K  // è°ƒè¯•æš‚åœæœåŠ¡ï¼ˆå¯é€‰ï¼‰
      |          [01;31m[K^~~~~~~~~~~~~~~~~~~~~~~~~~~[m[K
compilation terminated.
gmake[2]: *** [CMakeFiles/grab.dir/build.make:79ï¼šCMakeFiles/grab.dir/src/grab.cpp.o] é”™è¯¯ 1
gmake[1]: *** [CMakeFiles/Makefile2:254ï¼šCMakeFiles/grab.dir/all] é”™è¯¯ 2
gmake: *** [Makefile:149ï¼šall] é”™è¯¯ 2
