[0.133s] Invoking command in '/home/pl/ros2_ws1/build/sdk_topic_cpp': CMAKE_PREFIX_PATH=${CMAKE_PREFIX_PATH}:/home/pl/ros2_ws1/install/sdk_launch:/opt/ros/humble CONDA_PROMPT_MODIFIER=(base) DEBUGINFOD_URLS=https://debuginfod.ubuntu.com /usr/bin/cmake --build /home/pl/ros2_ws1/build/sdk_topic_cpp -- -j20 -l20
[0.147s] /usr/bin/cmake -S/home/pl/ros2_ws1/src/haik/sdk_topic_cpp -B/home/pl/ros2_ws1/build/sdk_topic_cpp --check-build-system CMakeFiles/Makefile.cmake 0
[0.155s] Re-run cmake file: Makefile older than: /home/pl/ros2_ws1/src/haik/sdk_topic_cpp/CMakeLists.txt
[0.161s] -- Found ament_cmake: 1.3.12 (/opt/ros/humble/share/ament_cmake/cmake)
[0.235s] -- Override CMake install command with custom implementation using symlinks instead of copying resources
[0.244s] -- Found rclcpp: 16.0.15 (/opt/ros/humble/share/rclcpp/cmake)
[0.266s] -- Found rosidl_generator_c: 3.1.7 (/opt/ros/humble/share/rosidl_generator_c/cmake)
[0.268s] -- Found rosidl_adapter: 3.1.7 (/opt/ros/humble/share/rosidl_adapter/cmake)
[0.273s] -- Found rosidl_generator_cpp: 3.1.7 (/opt/ros/humble/share/rosidl_generator_cpp/cmake)
[0.280s] -- Using all available rosidl_typesupport_c: rosidl_typesupport_fastrtps_c;rosidl_typesupport_introspection_c
[0.289s] -- Using all available rosidl_typesupport_cpp: rosidl_typesupport_fastrtps_cpp;rosidl_typesupport_introspection_cpp
[0.312s] -- Found rmw_implementation_cmake: 6.1.2 (/opt/ros/humble/share/rmw_implementation_cmake/cmake)
[0.314s] -- Found rmw_fastrtps_cpp: 6.2.8 (/opt/ros/humble/share/rmw_fastrtps_cpp/cmake)
[0.393s] -- Using RMW implementation 'rmw_fastrtps_cpp' as default
[0.430s] -- Found sensor_msgs: 4.9.0 (/opt/ros/humble/share/sensor_msgs/cmake)
[0.450s] -- Found image_transport: 3.1.12 (/opt/ros/humble/share/image_transport/cmake)
[0.466s] -- Found cv_bridge: 3.2.1 (/opt/ros/humble/share/cv_bridge/cmake)
[0.492s] -- Hik SDK include: /opt/MVS/include
[0.492s] -- Hik SDK lib:     /opt/MVS/lib/64/libMvCameraControl.so
[0.504s] -- Found ament_lint_auto: 0.12.14 (/opt/ros/humble/share/ament_lint_auto/cmake)
[0.547s] -- Added test 'cppcheck' to perform static code analysis on C / C++ code
[0.547s] -- Configured cppcheck include dirs: 
[0.547s] -- Configured cppcheck exclude dirs and/or files: 
[0.548s] -- Added test 'lint_cmake' to check CMake code style
[0.548s] -- Added test 'uncrustify' to check C / C++ code style
[0.548s] -- Configured uncrustify additional arguments: 
[0.549s] -- Added test 'xmllint' to check XML markup files
[0.549s] -- Configuring done
[0.572s] -- Generating done
[0.580s] -- Build files have been written to: /home/pl/ros2_ws1/build/sdk_topic_cpp
[0.585s] /usr/bin/cmake -E cmake_progress_start /home/pl/ros2_ws1/build/sdk_topic_cpp/CMakeFiles /home/pl/ros2_ws1/build/sdk_topic_cpp//CMakeFiles/progress.marks
[0.590s] /usr/bin/gmake  -f CMakeFiles/Makefile2 all
[0.591s] gmake[1]: è¿›å…¥ç›®å½•â€œ/home/pl/ros2_ws1/build/sdk_topic_cppâ€
[0.591s] /usr/bin/gmake  -f CMakeFiles/se.dir/build.make CMakeFiles/se.dir/depend
[0.592s] /usr/bin/gmake  -f CMakeFiles/chu.dir/build.make CMakeFiles/chu.dir/depend
[0.592s] /usr/bin/gmake  -f CMakeFiles/shiping.dir/build.make CMakeFiles/shiping.dir/depend
[0.592s] /usr/bin/gmake  -f CMakeFiles/t1.dir/build.make CMakeFiles/t1.dir/depend
[0.592s] /usr/bin/gmake  -f CMakeFiles/grab.dir/build.make CMakeFiles/grab.dir/depend
[0.592s] /usr/bin/gmake  -f CMakeFiles/camera_publisher.dir/build.make CMakeFiles/camera_publisher.dir/depend
[0.593s] gmake[2]: è¿›å…¥ç›®å½•â€œ/home/pl/ros2_ws1/build/sdk_topic_cppâ€
[0.593s] cd /home/pl/ros2_ws1/build/sdk_topic_cpp && /usr/bin/cmake -E cmake_depends "Unix Makefiles" /home/pl/ros2_ws1/src/haik/sdk_topic_cpp /home/pl/ros2_ws1/src/haik/sdk_topic_cpp /home/pl/ros2_ws1/build/sdk_topic_cpp /home/pl/ros2_ws1/build/sdk_topic_cpp /home/pl/ros2_ws1/build/sdk_topic_cpp/CMakeFiles/se.dir/DependInfo.cmake --color=
[0.593s] gmake[2]: è¿›å…¥ç›®å½•â€œ/home/pl/ros2_ws1/build/sdk_topic_cppâ€
[0.593s] cd /home/pl/ros2_ws1/build/sdk_topic_cpp && /usr/bin/cmake -E cmake_depends "Unix Makefiles" /home/pl/ros2_ws1/src/haik/sdk_topic_cpp /home/pl/ros2_ws1/src/haik/sdk_topic_cpp /home/pl/ros2_ws1/build/sdk_topic_cpp /home/pl/ros2_ws1/build/sdk_topic_cpp /home/pl/ros2_ws1/build/sdk_topic_cpp/CMakeFiles/t1.dir/DependInfo.cmake --color=
[0.593s] gmake[2]: è¿›å…¥ç›®å½•â€œ/home/pl/ros2_ws1/build/sdk_topic_cppâ€
[0.593s] cd /home/pl/ros2_ws1/build/sdk_topic_cpp && /usr/bin/cmake -E cmake_depends "Unix Makefiles" /home/pl/ros2_ws1/src/haik/sdk_topic_cpp /home/pl/ros2_ws1/src/haik/sdk_topic_cpp /home/pl/ros2_ws1/build/sdk_topic_cpp /home/pl/ros2_ws1/build/sdk_topic_cpp /home/pl/ros2_ws1/build/sdk_topic_cpp/CMakeFiles/chu.dir/DependInfo.cmake --color=
[0.593s] gmake[2]: è¿›å…¥ç›®å½•â€œ/home/pl/ros2_ws1/build/sdk_topic_cppâ€
[0.594s] cd /home/pl/ros2_ws1/build/sdk_topic_cpp && /usr/bin/cmake -E cmake_depends "Unix Makefiles" /home/pl/ros2_ws1/src/haik/sdk_topic_cpp /home/pl/ros2_ws1/src/haik/sdk_topic_cpp /home/pl/ros2_ws1/build/sdk_topic_cpp /home/pl/ros2_ws1/build/sdk_topic_cpp /home/pl/ros2_ws1/build/sdk_topic_cpp/CMakeFiles/grab.dir/DependInfo.cmake --color=
[0.594s] gmake[2]: è¿›å…¥ç›®å½•â€œ/home/pl/ros2_ws1/build/sdk_topic_cppâ€
[0.594s] cd /home/pl/ros2_ws1/build/sdk_topic_cpp && /usr/bin/cmake -E cmake_depends "Unix Makefiles" /home/pl/ros2_ws1/src/haik/sdk_topic_cpp /home/pl/ros2_ws1/src/haik/sdk_topic_cpp /home/pl/ros2_ws1/build/sdk_topic_cpp /home/pl/ros2_ws1/build/sdk_topic_cpp /home/pl/ros2_ws1/build/sdk_topic_cpp/CMakeFiles/shiping.dir/DependInfo.cmake --color=
[0.594s] gmake[2]: è¿›å…¥ç›®å½•â€œ/home/pl/ros2_ws1/build/sdk_topic_cppâ€
[0.594s] cd /home/pl/ros2_ws1/build/sdk_topic_cpp && /usr/bin/cmake -E cmake_depends "Unix Makefiles" /home/pl/ros2_ws1/src/haik/sdk_topic_cpp /home/pl/ros2_ws1/src/haik/sdk_topic_cpp /home/pl/ros2_ws1/build/sdk_topic_cpp /home/pl/ros2_ws1/build/sdk_topic_cpp /home/pl/ros2_ws1/build/sdk_topic_cpp/CMakeFiles/camera_publisher.dir/DependInfo.cmake --color=
[0.598s] Dependencies file "CMakeFiles/se.dir/src/se.cpp.o.d" is newer than depends file "/home/pl/ros2_ws1/build/sdk_topic_cpp/CMakeFiles/se.dir/compiler_depend.internal".
[0.598s] Dependencies file "CMakeFiles/chu.dir/src/chu.cpp.o.d" is newer than depends file "/home/pl/ros2_ws1/build/sdk_topic_cpp/CMakeFiles/chu.dir/compiler_depend.internal".
[0.598s] [35m[1mConsolidate compiler generated dependencies of target se[0m
[0.598s] [35m[1mConsolidate compiler generated dependencies of target chu[0m
[0.599s] gmake[2]: ç¦»å¼€ç›®å½•â€œ/home/pl/ros2_ws1/build/sdk_topic_cppâ€
[0.599s] /usr/bin/gmake  -f CMakeFiles/grab.dir/build.make CMakeFiles/grab.dir/build
[0.600s] Dependencies file "CMakeFiles/camera_publisher.dir/src/camera_publisher.cpp.o.d" is newer than depends file "/home/pl/ros2_ws1/build/sdk_topic_cpp/CMakeFiles/camera_publisher.dir/compiler_depend.internal".
[0.600s] Dependencies file "CMakeFiles/t1.dir/src/t1.cpp.o.d" is newer than depends file "/home/pl/ros2_ws1/build/sdk_topic_cpp/CMakeFiles/t1.dir/compiler_depend.internal".
[0.600s] gmake[2]: è¿›å…¥ç›®å½•â€œ/home/pl/ros2_ws1/build/sdk_topic_cppâ€
[0.600s] Dependencies file "CMakeFiles/shiping.dir/src/shiping.cpp.o.d" is newer than depends file "/home/pl/ros2_ws1/build/sdk_topic_cpp/CMakeFiles/shiping.dir/compiler_depend.internal".
[0.600s] [35m[1mConsolidate compiler generated dependencies of target shiping[0m
[0.600s] [35m[1mConsolidate compiler generated dependencies of target camera_publisher[0m
[0.600s] gmake[2]: ç¦»å¼€ç›®å½•â€œ/home/pl/ros2_ws1/build/sdk_topic_cppâ€
[0.601s] /usr/bin/gmake  -f CMakeFiles/se.dir/build.make CMakeFiles/se.dir/build
[0.601s] [35m[1mConsolidate compiler generated dependencies of target t1[0m
[0.601s] gmake[2]: ç¦»å¼€ç›®å½•â€œ/home/pl/ros2_ws1/build/sdk_topic_cppâ€
[0.601s] /usr/bin/gmake  -f CMakeFiles/chu.dir/build.make CMakeFiles/chu.dir/build
[0.602s] gmake[2]: ç¦»å¼€ç›®å½•â€œ/home/pl/ros2_ws1/build/sdk_topic_cppâ€
[0.602s] /usr/bin/gmake  -f CMakeFiles/shiping.dir/build.make CMakeFiles/shiping.dir/build
[0.604s] gmake[2]: ç¦»å¼€ç›®å½•â€œ/home/pl/ros2_ws1/build/sdk_topic_cppâ€
[0.604s] /usr/bin/gmake  -f CMakeFiles/camera_publisher.dir/build.make CMakeFiles/camera_publisher.dir/build
[0.604s] gmake[2]: è¿›å…¥ç›®å½•â€œ/home/pl/ros2_ws1/build/sdk_topic_cppâ€
[0.604s] gmake[2]: å¯¹â€œCMakeFiles/shiping.dir/buildâ€æ— éœ€åšä»»ä½•äº‹ã€‚
[0.604s] gmake[2]: ç¦»å¼€ç›®å½•â€œ/home/pl/ros2_ws1/build/sdk_topic_cppâ€
[0.604s] gmake[2]: è¿›å…¥ç›®å½•â€œ/home/pl/ros2_ws1/build/sdk_topic_cppâ€
[0.604s] gmake[2]: å¯¹â€œCMakeFiles/se.dir/buildâ€æ— éœ€åšä»»ä½•äº‹ã€‚
[0.604s] gmake[2]: ç¦»å¼€ç›®å½•â€œ/home/pl/ros2_ws1/build/sdk_topic_cppâ€
[0.604s] gmake[2]: è¿›å…¥ç›®å½•â€œ/home/pl/ros2_ws1/build/sdk_topic_cppâ€
[0.604s] gmake[2]: å¯¹â€œCMakeFiles/chu.dir/buildâ€æ— éœ€åšä»»ä½•äº‹ã€‚
[0.604s] gmake[2]: ç¦»å¼€ç›®å½•â€œ/home/pl/ros2_ws1/build/sdk_topic_cppâ€
[0.606s] gmake[2]: ç¦»å¼€ç›®å½•â€œ/home/pl/ros2_ws1/build/sdk_topic_cppâ€
[0.606s] /usr/bin/gmake  -f CMakeFiles/t1.dir/build.make CMakeFiles/t1.dir/build
[0.607s] [  8%] [32mBuilding CXX object CMakeFiles/grab.dir/src/grab.cpp.o[0m
[0.608s] /usr/bin/c++ -DDEFAULT_RMW_IMPLEMENTATION=rmw_fastrtps_cpp -DRCUTILS_ENABLE_FAULT_INJECTION -I/opt/MVS/include -isystem /opt/ros/humble/include/rclcpp -isystem /opt/ros/humble/include/sensor_msgs -isystem /opt/ros/humble/include/image_transport -isystem /opt/ros/humble/include/cv_bridge -isystem /usr/include/opencv4 -isystem /opt/ros/humble/include/ament_index_cpp -isystem /opt/ros/humble/include/libstatistics_collector -isystem /opt/ros/humble/include/builtin_interfaces -isystem /opt/ros/humble/include/rosidl_runtime_c -isystem /opt/ros/humble/include/rcutils -isystem /opt/ros/humble/include/rosidl_typesupport_interface -isystem /opt/ros/humble/include/fastcdr -isystem /opt/ros/humble/include/rosidl_runtime_cpp -isystem /opt/ros/humble/include/rosidl_typesupport_fastrtps_cpp -isystem /opt/ros/humble/include/rmw -isystem /opt/ros/humble/include/rosidl_typesupport_fastrtps_c -isystem /opt/ros/humble/include/rosidl_typesupport_introspection_c -isystem /opt/ros/humble/include/rosidl_typesupport_introspection_cpp -isystem /opt/ros/humble/include/rcl -isystem /opt/ros/humble/include/rcl_interfaces -isystem /opt/ros/humble/include/rcl_logging_interface -isystem /opt/ros/humble/include/rcl_yaml_param_parser -isystem /opt/ros/humble/include/libyaml_vendor -isystem /opt/ros/humble/include/tracetools -isystem /opt/ros/humble/include/rcpputils -isystem /opt/ros/humble/include/statistics_msgs -isystem /opt/ros/humble/include/rosgraph_msgs -isystem /opt/ros/humble/include/rosidl_typesupport_cpp -isystem /opt/ros/humble/include/rosidl_typesupport_c -isystem /opt/ros/humble/include/geometry_msgs -isystem /opt/ros/humble/include/std_msgs -isystem /opt/ros/humble/include/message_filters -Wall -Wextra -Wpedantic -MD -MT CMakeFiles/grab.dir/src/grab.cpp.o -MF CMakeFiles/grab.dir/src/grab.cpp.o.d -o CMakeFiles/grab.dir/src/grab.cpp.o -c /home/pl/ros2_ws1/src/haik/sdk_topic_cpp/src/grab.cpp
[0.608s] gmake[2]: è¿›å…¥ç›®å½•â€œ/home/pl/ros2_ws1/build/sdk_topic_cppâ€
[0.608s] gmake[2]: å¯¹â€œCMakeFiles/camera_publisher.dir/buildâ€æ— éœ€åšä»»ä½•äº‹ã€‚
[0.608s] gmake[2]: ç¦»å¼€ç›®å½•â€œ/home/pl/ros2_ws1/build/sdk_topic_cppâ€
[0.608s] [ 25%] Built target se
[0.609s] [ 41%] Built target chu
[0.609s] gmake[2]: è¿›å…¥ç›®å½•â€œ/home/pl/ros2_ws1/build/sdk_topic_cppâ€
[0.609s] gmake[2]: å¯¹â€œCMakeFiles/t1.dir/buildâ€æ— éœ€åšä»»ä½•äº‹ã€‚
[0.609s] gmake[2]: ç¦»å¼€ç›®å½•â€œ/home/pl/ros2_ws1/build/sdk_topic_cppâ€
[0.610s] [ 58%] Built target shiping
[0.614s] [ 75%] Built target t1
[0.615s] [ 91%] Built target camera_publisher
[0.834s] [01m[K/home/pl/ros2_ws1/src/haik/sdk_topic_cpp/src/grab.cpp:6:10:[m[K [01;31m[Kfatal error: [m[Kstd_srvs/srv/set_bool.hpp: æ²¡æœ‰é‚£ä¸ªæ–‡ä»¶æˆ–ç›®å½•
[0.834s]     6 | #include [01;31m[K<std_srvs/srv/set_bool.hpp>[m[K  // è°ƒè¯•æš‚åœæœåŠ¡ï¼ˆå¯é€‰ï¼‰
[0.834s]       |          [01;31m[K^~~~~~~~~~~~~~~~~~~~~~~~~~~[m[K
[0.834s] compilation terminated.
[0.836s] gmake[2]: *** [CMakeFiles/grab.dir/build.make:79ï¼šCMakeFiles/grab.dir/src/grab.cpp.o] é”™è¯¯ 1
[0.836s] gmake[2]: ç¦»å¼€ç›®å½•â€œ/home/pl/ros2_ws1/build/sdk_topic_cppâ€
[0.836s] gmake[1]: ç¦»å¼€ç›®å½•â€œ/home/pl/ros2_ws1/build/sdk_topic_cppâ€
[0.836s] gmake[1]: *** [CMakeFiles/Makefile2:254ï¼šCMakeFiles/grab.dir/all] é”™è¯¯ 2
[0.836s] gmake: *** [Makefile:149ï¼šall] é”™è¯¯ 2
[0.839s] Invoked command in '/home/pl/ros2_ws1/build/sdk_topic_cpp' returned '2': CMAKE_PREFIX_PATH=${CMAKE_PREFIX_PATH}:/home/pl/ros2_ws1/install/sdk_launch:/opt/ros/humble CONDA_PROMPT_MODIFIER=(base) DEBUGINFOD_URLS=https://debuginfod.ubuntu.com /usr/bin/cmake --build /home/pl/ros2_ws1/build/sdk_topic_cpp -- -j20 -l20
