[0.151s] Invoking command in '/home/pl/ros2_ws1/build/sdk_topic_cpp': CMAKE_PREFIX_PATH=${CMAKE_PREFIX_PATH}:/home/pl/ros2_ws1/install/sdk_launch:/opt/ros/humble CONDA_PROMPT_MODIFIER=(base) DEBUGINFOD_URLS=https://debuginfod.ubuntu.com /usr/bin/cmake --build /home/pl/ros2_ws1/build/sdk_topic_cpp -- -j20 -l20
[0.162s] /usr/bin/cmake -S/home/pl/ros2_ws1/src/haik/sdk_topic_cpp -B/home/pl/ros2_ws1/build/sdk_topic_cpp --check-build-system CMakeFiles/Makefile.cmake 0
[0.171s] /usr/bin/cmake -E cmake_progress_start /home/pl/ros2_ws1/build/sdk_topic_cpp/CMakeFiles /home/pl/ros2_ws1/build/sdk_topic_cpp//CMakeFiles/progress.marks
[0.176s] /usr/bin/gmake  -f CMakeFiles/Makefile2 all
[0.178s] gmake[1]: è¿›å…¥ç›®å½•â€œ/home/pl/ros2_ws1/build/sdk_topic_cppâ€
[0.178s] /usr/bin/gmake  -f CMakeFiles/se.dir/build.make CMakeFiles/se.dir/depend
[0.178s] /usr/bin/gmake  -f CMakeFiles/chu.dir/build.make CMakeFiles/chu.dir/depend
[0.178s] /usr/bin/gmake  -f CMakeFiles/shiping.dir/build.make CMakeFiles/shiping.dir/depend
[0.178s] /usr/bin/gmake  -f CMakeFiles/t1.dir/build.make CMakeFiles/t1.dir/depend
[0.178s] /usr/bin/gmake  -f CMakeFiles/biaoding.dir/build.make CMakeFiles/biaoding.dir/depend
[0.178s] /usr/bin/gmake  -f CMakeFiles/grab.dir/build.make CMakeFiles/grab.dir/depend
[0.179s] /usr/bin/gmake  -f CMakeFiles/camera_publisher.dir/build.make CMakeFiles/camera_publisher.dir/depend
[0.179s] gmake[2]: è¿›å…¥ç›®å½•â€œ/home/pl/ros2_ws1/build/sdk_topic_cppâ€
[0.179s] cd /home/pl/ros2_ws1/build/sdk_topic_cpp && /usr/bin/cmake -E cmake_depends "Unix Makefiles" /home/pl/ros2_ws1/src/haik/sdk_topic_cpp /home/pl/ros2_ws1/src/haik/sdk_topic_cpp /home/pl/ros2_ws1/build/sdk_topic_cpp /home/pl/ros2_ws1/build/sdk_topic_cpp /home/pl/ros2_ws1/build/sdk_topic_cpp/CMakeFiles/se.dir/DependInfo.cmake --color=
[0.180s] gmake[2]: è¿›å…¥ç›®å½•â€œ/home/pl/ros2_ws1/build/sdk_topic_cppâ€
[0.180s] cd /home/pl/ros2_ws1/build/sdk_topic_cpp && /usr/bin/cmake -E cmake_depends "Unix Makefiles" /home/pl/ros2_ws1/src/haik/sdk_topic_cpp /home/pl/ros2_ws1/src/haik/sdk_topic_cpp /home/pl/ros2_ws1/build/sdk_topic_cpp /home/pl/ros2_ws1/build/sdk_topic_cpp /home/pl/ros2_ws1/build/sdk_topic_cpp/CMakeFiles/shiping.dir/DependInfo.cmake --color=
[0.181s] gmake[2]: è¿›å…¥ç›®å½•â€œ/home/pl/ros2_ws1/build/sdk_topic_cppâ€
[0.181s] cd /home/pl/ros2_ws1/build/sdk_topic_cpp && /usr/bin/cmake -E cmake_depends "Unix Makefiles" /home/pl/ros2_ws1/src/haik/sdk_topic_cpp /home/pl/ros2_ws1/src/haik/sdk_topic_cpp /home/pl/ros2_ws1/build/sdk_topic_cpp /home/pl/ros2_ws1/build/sdk_topic_cpp /home/pl/ros2_ws1/build/sdk_topic_cpp/CMakeFiles/grab.dir/DependInfo.cmake --color=
[0.181s] gmake[2]: è¿›å…¥ç›®å½•â€œ/home/pl/ros2_ws1/build/sdk_topic_cppâ€
[0.181s] cd /home/pl/ros2_ws1/build/sdk_topic_cpp && /usr/bin/cmake -E cmake_depends "Unix Makefiles" /home/pl/ros2_ws1/src/haik/sdk_topic_cpp /home/pl/ros2_ws1/src/haik/sdk_topic_cpp /home/pl/ros2_ws1/build/sdk_topic_cpp /home/pl/ros2_ws1/build/sdk_topic_cpp /home/pl/ros2_ws1/build/sdk_topic_cpp/CMakeFiles/chu.dir/DependInfo.cmake --color=
[0.181s] gmake[2]: è¿›å…¥ç›®å½•â€œ/home/pl/ros2_ws1/build/sdk_topic_cppâ€
[0.181s] cd /home/pl/ros2_ws1/build/sdk_topic_cpp && /usr/bin/cmake -E cmake_depends "Unix Makefiles" /home/pl/ros2_ws1/src/haik/sdk_topic_cpp /home/pl/ros2_ws1/src/haik/sdk_topic_cpp /home/pl/ros2_ws1/build/sdk_topic_cpp /home/pl/ros2_ws1/build/sdk_topic_cpp /home/pl/ros2_ws1/build/sdk_topic_cpp/CMakeFiles/camera_publisher.dir/DependInfo.cmake --color=
[0.181s] gmake[2]: è¿›å…¥ç›®å½•â€œ/home/pl/ros2_ws1/build/sdk_topic_cppâ€
[0.181s] cd /home/pl/ros2_ws1/build/sdk_topic_cpp && /usr/bin/cmake -E cmake_depends "Unix Makefiles" /home/pl/ros2_ws1/src/haik/sdk_topic_cpp /home/pl/ros2_ws1/src/haik/sdk_topic_cpp /home/pl/ros2_ws1/build/sdk_topic_cpp /home/pl/ros2_ws1/build/sdk_topic_cpp /home/pl/ros2_ws1/build/sdk_topic_cpp/CMakeFiles/t1.dir/DependInfo.cmake --color=
[0.181s] gmake[2]: è¿›å…¥ç›®å½•â€œ/home/pl/ros2_ws1/build/sdk_topic_cppâ€
[0.181s] cd /home/pl/ros2_ws1/build/sdk_topic_cpp && /usr/bin/cmake -E cmake_depends "Unix Makefiles" /home/pl/ros2_ws1/src/haik/sdk_topic_cpp /home/pl/ros2_ws1/src/haik/sdk_topic_cpp /home/pl/ros2_ws1/build/sdk_topic_cpp /home/pl/ros2_ws1/build/sdk_topic_cpp /home/pl/ros2_ws1/build/sdk_topic_cpp/CMakeFiles/biaoding.dir/DependInfo.cmake --color=
[0.185s] gmake[2]: ç¦»å¼€ç›®å½•â€œ/home/pl/ros2_ws1/build/sdk_topic_cppâ€
[0.185s] /usr/bin/gmake  -f CMakeFiles/se.dir/build.make CMakeFiles/se.dir/build
[0.185s] gmake[2]: ç¦»å¼€ç›®å½•â€œ/home/pl/ros2_ws1/build/sdk_topic_cppâ€
[0.185s] /usr/bin/gmake  -f CMakeFiles/shiping.dir/build.make CMakeFiles/shiping.dir/build
[0.186s] gmake[2]: ç¦»å¼€ç›®å½•â€œ/home/pl/ros2_ws1/build/sdk_topic_cppâ€
[0.186s] /usr/bin/gmake  -f CMakeFiles/grab.dir/build.make CMakeFiles/grab.dir/build
[0.187s] gmake[2]: ç¦»å¼€ç›®å½•â€œ/home/pl/ros2_ws1/build/sdk_topic_cppâ€
[0.187s] /usr/bin/gmake  -f CMakeFiles/camera_publisher.dir/build.make CMakeFiles/camera_publisher.dir/build
[0.187s] gmake[2]: è¿›å…¥ç›®å½•â€œ/home/pl/ros2_ws1/build/sdk_topic_cppâ€
[0.188s] gmake[2]: å¯¹â€œCMakeFiles/shiping.dir/buildâ€æ— éœ€åšä»»ä½•äº‹ã€‚
[0.188s] gmake[2]: ç¦»å¼€ç›®å½•â€œ/home/pl/ros2_ws1/build/sdk_topic_cppâ€
[0.188s] gmake[2]: è¿›å…¥ç›®å½•â€œ/home/pl/ros2_ws1/build/sdk_topic_cppâ€
[0.188s] gmake[2]: å¯¹â€œCMakeFiles/se.dir/buildâ€æ— éœ€åšä»»ä½•äº‹ã€‚
[0.188s] gmake[2]: ç¦»å¼€ç›®å½•â€œ/home/pl/ros2_ws1/build/sdk_topic_cppâ€
[0.189s] Dependencies file "CMakeFiles/biaoding.dir/src/biaoding.cpp.o.d" is newer than depends file "/home/pl/ros2_ws1/build/sdk_topic_cpp/CMakeFiles/biaoding.dir/compiler_depend.internal".
[0.189s] gmake[2]: ç¦»å¼€ç›®å½•â€œ/home/pl/ros2_ws1/build/sdk_topic_cppâ€
[0.189s] /usr/bin/gmake  -f CMakeFiles/chu.dir/build.make CMakeFiles/chu.dir/build
[0.189s] gmake[2]: è¿›å…¥ç›®å½•â€œ/home/pl/ros2_ws1/build/sdk_topic_cppâ€
[0.189s] gmake[2]: å¯¹â€œCMakeFiles/grab.dir/buildâ€æ— éœ€åšä»»ä½•äº‹ã€‚
[0.189s] gmake[2]: ç¦»å¼€ç›®å½•â€œ/home/pl/ros2_ws1/build/sdk_topic_cppâ€
[0.189s] gmake[2]: ç¦»å¼€ç›®å½•â€œ/home/pl/ros2_ws1/build/sdk_topic_cppâ€
[0.189s] /usr/bin/gmake  -f CMakeFiles/t1.dir/build.make CMakeFiles/t1.dir/build
[0.190s] [35m[1mConsolidate compiler generated dependencies of target biaoding[0m
[0.190s] gmake[2]: è¿›å…¥ç›®å½•â€œ/home/pl/ros2_ws1/build/sdk_topic_cppâ€
[0.190s] gmake[2]: å¯¹â€œCMakeFiles/camera_publisher.dir/buildâ€æ— éœ€åšä»»ä½•äº‹ã€‚
[0.190s] gmake[2]: ç¦»å¼€ç›®å½•â€œ/home/pl/ros2_ws1/build/sdk_topic_cppâ€
[0.192s] gmake[2]: è¿›å…¥ç›®å½•â€œ/home/pl/ros2_ws1/build/sdk_topic_cppâ€
[0.192s] gmake[2]: å¯¹â€œCMakeFiles/chu.dir/buildâ€æ— éœ€åšä»»ä½•äº‹ã€‚
[0.192s] gmake[2]: ç¦»å¼€ç›®å½•â€œ/home/pl/ros2_ws1/build/sdk_topic_cppâ€
[0.192s] [ 14%] Built target shiping
[0.193s] gmake[2]: è¿›å…¥ç›®å½•â€œ/home/pl/ros2_ws1/build/sdk_topic_cppâ€
[0.193s] gmake[2]: å¯¹â€œCMakeFiles/t1.dir/buildâ€æ— éœ€åšä»»ä½•äº‹ã€‚
[0.193s] gmake[2]: ç¦»å¼€ç›®å½•â€œ/home/pl/ros2_ws1/build/sdk_topic_cppâ€
[0.195s] gmake[2]: ç¦»å¼€ç›®å½•â€œ/home/pl/ros2_ws1/build/sdk_topic_cppâ€
[0.195s] [ 28%] Built target se
[0.195s] /usr/bin/gmake  -f CMakeFiles/biaoding.dir/build.make CMakeFiles/biaoding.dir/build
[0.196s] [ 42%] Built target grab
[0.196s] [ 57%] Built target camera_publisher
[0.197s] [ 71%] Built target chu
[0.198s] [ 85%] Built target t1
[0.200s] gmake[2]: è¿›å…¥ç›®å½•â€œ/home/pl/ros2_ws1/build/sdk_topic_cppâ€
[0.208s] [ 92%] [32mBuilding CXX object CMakeFiles/biaoding.dir/src/biaoding.cpp.o[0m
[0.209s] /usr/bin/c++ -DDEFAULT_RMW_IMPLEMENTATION=rmw_fastrtps_cpp -DRCUTILS_ENABLE_FAULT_INJECTION -I/opt/MVS/include -isystem /opt/ros/humble/include/rclcpp -isystem /opt/ros/humble/include/sensor_msgs -isystem /opt/ros/humble/include/image_transport -isystem /opt/ros/humble/include/cv_bridge -isystem /usr/include/opencv4 -isystem /opt/ros/humble/include/ament_index_cpp -isystem /opt/ros/humble/include/libstatistics_collector -isystem /opt/ros/humble/include/builtin_interfaces -isystem /opt/ros/humble/include/rosidl_runtime_c -isystem /opt/ros/humble/include/rcutils -isystem /opt/ros/humble/include/rosidl_typesupport_interface -isystem /opt/ros/humble/include/fastcdr -isystem /opt/ros/humble/include/rosidl_runtime_cpp -isystem /opt/ros/humble/include/rosidl_typesupport_fastrtps_cpp -isystem /opt/ros/humble/include/rmw -isystem /opt/ros/humble/include/rosidl_typesupport_fastrtps_c -isystem /opt/ros/humble/include/rosidl_typesupport_introspection_c -isystem /opt/ros/humble/include/rosidl_typesupport_introspection_cpp -isystem /opt/ros/humble/include/rcl -isystem /opt/ros/humble/include/rcl_interfaces -isystem /opt/ros/humble/include/rcl_logging_interface -isystem /opt/ros/humble/include/rcl_yaml_param_parser -isystem /opt/ros/humble/include/libyaml_vendor -isystem /opt/ros/humble/include/tracetools -isystem /opt/ros/humble/include/rcpputils -isystem /opt/ros/humble/include/statistics_msgs -isystem /opt/ros/humble/include/rosgraph_msgs -isystem /opt/ros/humble/include/rosidl_typesupport_cpp -isystem /opt/ros/humble/include/rosidl_typesupport_c -isystem /opt/ros/humble/include/geometry_msgs -isystem /opt/ros/humble/include/std_msgs -isystem /opt/ros/humble/include/message_filters -Wall -Wextra -Wpedantic -MD -MT CMakeFiles/biaoding.dir/src/biaoding.cpp.o -MF CMakeFiles/biaoding.dir/src/biaoding.cpp.o.d -o CMakeFiles/biaoding.dir/src/biaoding.cpp.o -c /home/pl/ros2_ws1/src/haik/sdk_topic_cpp/src/biaoding.cpp
[1.941s] [01m[K/home/pl/ros2_ws1/src/haik/sdk_topic_cpp/src/biaoding.cpp:[m[K In member function â€˜[01m[Kvoid HikUsbBgr8Pub::processFrame(const MV_FRAME_OUT&)[m[Kâ€™:
[1.941s] [01m[K/home/pl/ros2_ws1/src/haik/sdk_topic_cpp/src/biaoding.cpp:349:32:[m[K [01;35m[Kwarning: [m[Kcomparison of integer expressions of different signedness: â€˜[01m[Kstd::vector<std::vector<cv::Point_<float> > >::size_type[m[Kâ€™ {aka â€˜[01m[Klong unsigned int[m[Kâ€™} and â€˜[01m[Kint[m[Kâ€™ [[01;35m[K]8;;https://gcc.gnu.org/onlinedocs/gcc/Warning-Options.html#index-Wsign-compare-Wsign-compare]8;;[m[K]
[1.941s]   349 |       if ([01;35m[Kimage_points_.size() >= calib_frame_count_[m[K) {
[1.941s]       |           [01;35m[K~~~~~~~~~~~~~~~~~~~~~^~~~~~~~~~~~~~~~~~~~~[m[K
[1.945s] In file included from [01m[K/opt/ros/humble/include/rclcpp/rclcpp/logging.hpp:24[m[K,
[1.945s]                  from [01m[K/opt/ros/humble/include/rclcpp/rclcpp/client.hpp:40[m[K,
[1.945s]                  from [01m[K/opt/ros/humble/include/rclcpp/rclcpp/callback_group.hpp:24[m[K,
[1.945s]                  from [01m[K/opt/ros/humble/include/rclcpp/rclcpp/any_executable.hpp:20[m[K,
[1.945s]                  from [01m[K/opt/ros/humble/include/rclcpp/rclcpp/memory_strategy.hpp:25[m[K,
[1.945s]                  from [01m[K/opt/ros/humble/include/rclcpp/rclcpp/memory_strategies.hpp:18[m[K,
[1.945s]                  from [01m[K/opt/ros/humble/include/rclcpp/rclcpp/executor_options.hpp:20[m[K,
[1.945s]                  from [01m[K/opt/ros/humble/include/rclcpp/rclcpp/executor.hpp:37[m[K,
[1.945s]                  from [01m[K/opt/ros/humble/include/rclcpp/rclcpp/executors/multi_threaded_executor.hpp:25[m[K,
[1.945s]                  from [01m[K/opt/ros/humble/include/rclcpp/rclcpp/executors.hpp:21[m[K,
[1.945s]                  from [01m[K/opt/ros/humble/include/rclcpp/rclcpp/rclcpp.hpp:155[m[K,
[1.945s]                  from [01m[K/home/pl/ros2_ws1/src/haik/sdk_topic_cpp/src/biaoding.cpp:1[m[K:
[1.945s] [01m[K/home/pl/ros2_ws1/src/haik/sdk_topic_cpp/src/biaoding.cpp:[m[K In member function â€˜[01m[Kvoid HikUsbBgr8Pub::printFrameRate()[m[Kâ€™:
[1.945s] [01m[K/home/pl/ros2_ws1/src/haik/sdk_topic_cpp/src/biaoding.cpp:411:7:[m[K [01;31m[Kerror: [m[Kuse of deleted function â€˜[01m[Kstd::atomic<_Tp>::atomic(const std::atomic<_Tp>&) [with _Tp = double][m[Kâ€™
[1.945s]   411 |       [01;31m[KRCLCPP_INFO[m[K(get_logger(), "å½“å‰å¸§ç‡: %.1f FPS", last_fps_);
[1.945s]       |       [01;31m[K^~~~~~~~~~~[m[K
[1.945s] In file included from [01m[K/usr/include/c++/11/future:41[m[K,
[1.945s]                  from [01m[K/opt/ros/humble/include/rclcpp/rclcpp/executors.hpp:18[m[K,
[1.945s]                  from [01m[K/opt/ros/humble/include/rclcpp/rclcpp/rclcpp.hpp:155[m[K,
[1.945s]                  from [01m[K/home/pl/ros2_ws1/src/haik/sdk_topic_cpp/src/biaoding.cpp:1[m[K:
[1.945s] [01m[K/usr/include/c++/11/atomic:227:7:[m[K [01;36m[Knote: [m[Kdeclared here
[1.945s]   227 |       [01;36m[Katomic[m[K(const atomic&) = delete;
[1.945s]       |       [01;36m[K^~~~~~[m[K
[2.980s] gmake[2]: *** [CMakeFiles/biaoding.dir/build.make:79ï¼šCMakeFiles/biaoding.dir/src/biaoding.cpp.o] é”™è¯¯ 1
[2.981s] gmake[2]: ç¦»å¼€ç›®å½•â€œ/home/pl/ros2_ws1/build/sdk_topic_cppâ€
[2.981s] gmake[1]: *** [CMakeFiles/Makefile2:256ï¼šCMakeFiles/biaoding.dir/all] é”™è¯¯ 2
[2.981s] gmake: *** [Makefile:149ï¼šall] é”™è¯¯ 2
[2.981s] gmake[1]: ç¦»å¼€ç›®å½•â€œ/home/pl/ros2_ws1/build/sdk_topic_cppâ€
[2.983s] Invoked command in '/home/pl/ros2_ws1/build/sdk_topic_cpp' returned '2': CMAKE_PREFIX_PATH=${CMAKE_PREFIX_PATH}:/home/pl/ros2_ws1/install/sdk_launch:/opt/ros/humble CONDA_PROMPT_MODIFIER=(base) DEBUGINFOD_URLS=https://debuginfod.ubuntu.com /usr/bin/cmake --build /home/pl/ros2_ws1/build/sdk_topic_cpp -- -j20 -l20
