[0.171s] Invoking command in '/home/pl/ros2_ws1/build/sdk_topic_cpp': CMAKE_PREFIX_PATH=${CMAKE_PREFIX_PATH}:/home/pl/ros2_ws1/install/sdk_topic:/home/pl/ros2_ws1/install/sdk_launch:/opt/ros/humble /usr/bin/cmake --build /home/pl/ros2_ws1/build/sdk_topic_cpp -- -j20 -l20
[0.204s] [35m[1mConsolidate compiler generated dependencies of target se[0m
[0.217s] [ 50%] [32mBuilding CXX object CMakeFiles/se.dir/src/se.cpp.o[0m
[1.942s] [01m[K/home/pl/ros2_ws1/src/haik/sdk_topic_cpp/src/se.cpp:[m[K In member function â€˜[01m[Kbool HikUsbBgr8Pub::openBySnOrIp(const string&, const string&)[m[Kâ€™:
[1.943s] [01m[K/home/pl/ros2_ws1/src/haik/sdk_topic_cpp/src/se.cpp:188:21:[m[K [01;31m[Kerror: [m[Kredeclaration of â€˜[01m[KMVCC_FLOATVALUE frameRate[m[Kâ€™
[1.943s]   188 |     MVCC_FLOATVALUE [01;31m[KframeRate[m[K = {0}; // ä½¿ç”¨ MVCC_FLOATVALUE ç±»å‹
[1.943s]       |                     [01;31m[K^~~~~~~~~[m[K
[1.943s] [01m[K/home/pl/ros2_ws1/src/haik/sdk_topic_cpp/src/se.cpp:186:21:[m[K [01;36m[Knote: [m[Kâ€˜[01m[KMVCC_FLOATVALUE frameRate[m[Kâ€™ previously declared here
[1.943s]   186 |     MVCC_FLOATVALUE [01;36m[KframeRate[m[K{}; // ç©ºåˆå§‹åŒ–å™¨ä¼šå°†æ‰€æœ‰æˆå‘˜ç½®ä¸ºé›¶
[1.943s]       |                     [01;36m[K^~~~~~~~~[m[K
[2.494s] gmake[2]: *** [CMakeFiles/se.dir/build.make:76ï¼šCMakeFiles/se.dir/src/se.cpp.o] é”™è¯¯ 1
[2.494s] gmake[1]: *** [CMakeFiles/Makefile2:137ï¼šCMakeFiles/se.dir/all] é”™è¯¯ 2
[2.494s] gmake: *** [Makefile:146ï¼šall] é”™è¯¯ 2
[2.496s] Invoked command in '/home/pl/ros2_ws1/build/sdk_topic_cpp' returned '2': CMAKE_PREFIX_PATH=${CMAKE_PREFIX_PATH}:/home/pl/ros2_ws1/install/sdk_topic:/home/pl/ros2_ws1/install/sdk_launch:/opt/ros/humble /usr/bin/cmake --build /home/pl/ros2_ws1/build/sdk_topic_cpp -- -j20 -l20
