[0.148s] Invoking command in '/home/pl/ros2_ws1/build/sdk_topic_cpp': CMAKE_PREFIX_PATH=${CMAKE_PREFIX_PATH}:/home/pl/ros2_ws1/install/sdk_launch:/opt/ros/humble CONDA_PROMPT_MODIFIER=(base) DEBUGINFOD_URLS=https://debuginfod.ubuntu.com /usr/bin/cmake --build /home/pl/ros2_ws1/build/sdk_topic_cpp -- -j20 -l20
[0.161s] /usr/bin/cmake -S/home/pl/ros2_ws1/src/haik/sdk_topic_cpp -B/home/pl/ros2_ws1/build/sdk_topic_cpp --check-build-system CMakeFiles/Makefile.cmake 0
[0.171s] /usr/bin/cmake -E cmake_progress_start /home/pl/ros2_ws1/build/sdk_topic_cpp/CMakeFiles /home/pl/ros2_ws1/build/sdk_topic_cpp//CMakeFiles/progress.marks
[0.177s] /usr/bin/gmake  -f CMakeFiles/Makefile2 all
[0.178s] gmake[1]: è¿›å…¥ç›®å½•â€œ/home/pl/ros2_ws1/build/sdk_topic_cppâ€
[0.178s] /usr/bin/gmake  -f CMakeFiles/se.dir/build.make CMakeFiles/se.dir/depend
[0.179s] /usr/bin/gmake  -f CMakeFiles/chu.dir/build.make CMakeFiles/chu.dir/depend
[0.179s] /usr/bin/gmake  -f CMakeFiles/shiping.dir/build.make CMakeFiles/shiping.dir/depend
[0.179s] /usr/bin/gmake  -f CMakeFiles/t1.dir/build.make CMakeFiles/t1.dir/depend
[0.179s] /usr/bin/gmake  -f CMakeFiles/biaoding.dir/build.make CMakeFiles/biaoding.dir/depend
[0.179s] /usr/bin/gmake  -f CMakeFiles/grab.dir/build.make CMakeFiles/grab.dir/depend
[0.180s] /usr/bin/gmake  -f CMakeFiles/camera_publisher.dir/build.make CMakeFiles/camera_publisher.dir/depend
[0.180s] gmake[2]: è¿›å…¥ç›®å½•â€œ/home/pl/ros2_ws1/build/sdk_topic_cppâ€
[0.180s] cd /home/pl/ros2_ws1/build/sdk_topic_cpp && /usr/bin/cmake -E cmake_depends "Unix Makefiles" /home/pl/ros2_ws1/src/haik/sdk_topic_cpp /home/pl/ros2_ws1/src/haik/sdk_topic_cpp /home/pl/ros2_ws1/build/sdk_topic_cpp /home/pl/ros2_ws1/build/sdk_topic_cpp /home/pl/ros2_ws1/build/sdk_topic_cpp/CMakeFiles/biaoding.dir/DependInfo.cmake --color=
[0.181s] gmake[2]: è¿›å…¥ç›®å½•â€œ/home/pl/ros2_ws1/build/sdk_topic_cppâ€
[0.181s] cd /home/pl/ros2_ws1/build/sdk_topic_cpp && /usr/bin/cmake -E cmake_depends "Unix Makefiles" /home/pl/ros2_ws1/src/haik/sdk_topic_cpp /home/pl/ros2_ws1/src/haik/sdk_topic_cpp /home/pl/ros2_ws1/build/sdk_topic_cpp /home/pl/ros2_ws1/build/sdk_topic_cpp /home/pl/ros2_ws1/build/sdk_topic_cpp/CMakeFiles/shiping.dir/DependInfo.cmake --color=
[0.181s] gmake[2]: è¿›å…¥ç›®å½•â€œ/home/pl/ros2_ws1/build/sdk_topic_cppâ€
[0.181s] cd /home/pl/ros2_ws1/build/sdk_topic_cpp && /usr/bin/cmake -E cmake_depends "Unix Makefiles" /home/pl/ros2_ws1/src/haik/sdk_topic_cpp /home/pl/ros2_ws1/src/haik/sdk_topic_cpp /home/pl/ros2_ws1/build/sdk_topic_cpp /home/pl/ros2_ws1/build/sdk_topic_cpp /home/pl/ros2_ws1/build/sdk_topic_cpp/CMakeFiles/se.dir/DependInfo.cmake --color=
[0.182s] gmake[2]: è¿›å…¥ç›®å½•â€œ/home/pl/ros2_ws1/build/sdk_topic_cppâ€
[0.182s] cd /home/pl/ros2_ws1/build/sdk_topic_cpp && /usr/bin/cmake -E cmake_depends "Unix Makefiles" /home/pl/ros2_ws1/src/haik/sdk_topic_cpp /home/pl/ros2_ws1/src/haik/sdk_topic_cpp /home/pl/ros2_ws1/build/sdk_topic_cpp /home/pl/ros2_ws1/build/sdk_topic_cpp /home/pl/ros2_ws1/build/sdk_topic_cpp/CMakeFiles/grab.dir/DependInfo.cmake --color=
[0.182s] gmake[2]: è¿›å…¥ç›®å½•â€œ/home/pl/ros2_ws1/build/sdk_topic_cppâ€
[0.182s] cd /home/pl/ros2_ws1/build/sdk_topic_cpp && /usr/bin/cmake -E cmake_depends "Unix Makefiles" /home/pl/ros2_ws1/src/haik/sdk_topic_cpp /home/pl/ros2_ws1/src/haik/sdk_topic_cpp /home/pl/ros2_ws1/build/sdk_topic_cpp /home/pl/ros2_ws1/build/sdk_topic_cpp /home/pl/ros2_ws1/build/sdk_topic_cpp/CMakeFiles/camera_publisher.dir/DependInfo.cmake --color=
[0.182s] gmake[2]: è¿›å…¥ç›®å½•â€œ/home/pl/ros2_ws1/build/sdk_topic_cppâ€
[0.182s] cd /home/pl/ros2_ws1/build/sdk_topic_cpp && /usr/bin/cmake -E cmake_depends "Unix Makefiles" /home/pl/ros2_ws1/src/haik/sdk_topic_cpp /home/pl/ros2_ws1/src/haik/sdk_topic_cpp /home/pl/ros2_ws1/build/sdk_topic_cpp /home/pl/ros2_ws1/build/sdk_topic_cpp /home/pl/ros2_ws1/build/sdk_topic_cpp/CMakeFiles/chu.dir/DependInfo.cmake --color=
[0.182s] gmake[2]: è¿›å…¥ç›®å½•â€œ/home/pl/ros2_ws1/build/sdk_topic_cppâ€
[0.182s] cd /home/pl/ros2_ws1/build/sdk_topic_cpp && /usr/bin/cmake -E cmake_depends "Unix Makefiles" /home/pl/ros2_ws1/src/haik/sdk_topic_cpp /home/pl/ros2_ws1/src/haik/sdk_topic_cpp /home/pl/ros2_ws1/build/sdk_topic_cpp /home/pl/ros2_ws1/build/sdk_topic_cpp /home/pl/ros2_ws1/build/sdk_topic_cpp/CMakeFiles/t1.dir/DependInfo.cmake --color=
[0.187s] gmake[2]: ç¦»å¼€ç›®å½•â€œ/home/pl/ros2_ws1/build/sdk_topic_cppâ€
[0.187s] gmake[2]: ç¦»å¼€ç›®å½•â€œ/home/pl/ros2_ws1/build/sdk_topic_cppâ€
[0.187s] gmake[2]: ç¦»å¼€ç›®å½•â€œ/home/pl/ros2_ws1/build/sdk_topic_cppâ€
[0.187s] Dependencies file "CMakeFiles/biaoding.dir/src/biaoding.cpp.o.d" is newer than depends file "/home/pl/ros2_ws1/build/sdk_topic_cpp/CMakeFiles/biaoding.dir/compiler_depend.internal".
[0.187s] /usr/bin/gmake  -f CMakeFiles/se.dir/build.make CMakeFiles/se.dir/build
[0.187s] gmake[2]: ç¦»å¼€ç›®å½•â€œ/home/pl/ros2_ws1/build/sdk_topic_cppâ€
[0.187s] /usr/bin/gmake  -f CMakeFiles/chu.dir/build.make CMakeFiles/chu.dir/build
[0.188s] gmake[2]: ç¦»å¼€ç›®å½•â€œ/home/pl/ros2_ws1/build/sdk_topic_cppâ€
[0.188s] /usr/bin/gmake  -f CMakeFiles/shiping.dir/build.make CMakeFiles/shiping.dir/build
[0.188s] [35m[1mConsolidate compiler generated dependencies of target biaoding[0m
[0.188s] /usr/bin/gmake  -f CMakeFiles/grab.dir/build.make CMakeFiles/grab.dir/build
[0.188s] /usr/bin/gmake  -f CMakeFiles/camera_publisher.dir/build.make CMakeFiles/camera_publisher.dir/build
[0.190s] gmake[2]: ç¦»å¼€ç›®å½•â€œ/home/pl/ros2_ws1/build/sdk_topic_cppâ€
[0.190s] gmake[2]: è¿›å…¥ç›®å½•â€œ/home/pl/ros2_ws1/build/sdk_topic_cppâ€
[0.191s] gmake[2]: å¯¹â€œCMakeFiles/shiping.dir/buildâ€æ— éœ€åšä»»ä½•äº‹ã€‚
[0.191s] gmake[2]: ç¦»å¼€ç›®å½•â€œ/home/pl/ros2_ws1/build/sdk_topic_cppâ€
[0.191s] /usr/bin/gmake  -f CMakeFiles/t1.dir/build.make CMakeFiles/t1.dir/build
[0.191s] gmake[2]: è¿›å…¥ç›®å½•â€œ/home/pl/ros2_ws1/build/sdk_topic_cppâ€
[0.191s] gmake[2]: å¯¹â€œCMakeFiles/chu.dir/buildâ€æ— éœ€åšä»»ä½•äº‹ã€‚
[0.191s] gmake[2]: ç¦»å¼€ç›®å½•â€œ/home/pl/ros2_ws1/build/sdk_topic_cppâ€
[0.191s] gmake[2]: è¿›å…¥ç›®å½•â€œ/home/pl/ros2_ws1/build/sdk_topic_cppâ€
[0.191s] gmake[2]: å¯¹â€œCMakeFiles/grab.dir/buildâ€æ— éœ€åšä»»ä½•äº‹ã€‚
[0.191s] gmake[2]: ç¦»å¼€ç›®å½•â€œ/home/pl/ros2_ws1/build/sdk_topic_cppâ€
[0.191s] gmake[2]: è¿›å…¥ç›®å½•â€œ/home/pl/ros2_ws1/build/sdk_topic_cppâ€
[0.191s] gmake[2]: å¯¹â€œCMakeFiles/camera_publisher.dir/buildâ€æ— éœ€åšä»»ä½•äº‹ã€‚
[0.191s] gmake[2]: ç¦»å¼€ç›®å½•â€œ/home/pl/ros2_ws1/build/sdk_topic_cppâ€
[0.191s] gmake[2]: è¿›å…¥ç›®å½•â€œ/home/pl/ros2_ws1/build/sdk_topic_cppâ€
[0.192s] gmake[2]: å¯¹â€œCMakeFiles/se.dir/buildâ€æ— éœ€åšä»»ä½•äº‹ã€‚
[0.192s] gmake[2]: ç¦»å¼€ç›®å½•â€œ/home/pl/ros2_ws1/build/sdk_topic_cppâ€
[0.193s] gmake[2]: ç¦»å¼€ç›®å½•â€œ/home/pl/ros2_ws1/build/sdk_topic_cppâ€
[0.193s] /usr/bin/gmake  -f CMakeFiles/biaoding.dir/build.make CMakeFiles/biaoding.dir/build
[0.195s] [ 42%] Built target shiping
[0.195s] [ 42%] Built target camera_publisher
[0.195s] [ 42%] Built target grab
[0.195s] [ 57%] Built target se
[0.195s] gmake[2]: è¿›å…¥ç›®å½•â€œ/home/pl/ros2_ws1/build/sdk_topic_cppâ€
[0.195s] gmake[2]: å¯¹â€œCMakeFiles/t1.dir/buildâ€æ— éœ€åšä»»ä½•äº‹ã€‚
[0.195s] gmake[2]: ç¦»å¼€ç›®å½•â€œ/home/pl/ros2_ws1/build/sdk_topic_cppâ€
[0.197s] [ 71%] Built target chu
[0.198s] gmake[2]: è¿›å…¥ç›®å½•â€œ/home/pl/ros2_ws1/build/sdk_topic_cppâ€
[0.200s] [ 85%] Built target t1
[0.204s] [ 92%] [32mBuilding CXX object CMakeFiles/biaoding.dir/src/biaoding.cpp.o[0m
[0.204s] /usr/bin/c++ -DDEFAULT_RMW_IMPLEMENTATION=rmw_fastrtps_cpp -DRCUTILS_ENABLE_FAULT_INJECTION -I/opt/MVS/include -isystem /opt/ros/humble/include/rclcpp -isystem /opt/ros/humble/include/sensor_msgs -isystem /opt/ros/humble/include/image_transport -isystem /opt/ros/humble/include/cv_bridge -isystem /usr/include/opencv4 -isystem /opt/ros/humble/include/ament_index_cpp -isystem /opt/ros/humble/include/libstatistics_collector -isystem /opt/ros/humble/include/builtin_interfaces -isystem /opt/ros/humble/include/rosidl_runtime_c -isystem /opt/ros/humble/include/rcutils -isystem /opt/ros/humble/include/rosidl_typesupport_interface -isystem /opt/ros/humble/include/fastcdr -isystem /opt/ros/humble/include/rosidl_runtime_cpp -isystem /opt/ros/humble/include/rosidl_typesupport_fastrtps_cpp -isystem /opt/ros/humble/include/rmw -isystem /opt/ros/humble/include/rosidl_typesupport_fastrtps_c -isystem /opt/ros/humble/include/rosidl_typesupport_introspection_c -isystem /opt/ros/humble/include/rosidl_typesupport_introspection_cpp -isystem /opt/ros/humble/include/rcl -isystem /opt/ros/humble/include/rcl_interfaces -isystem /opt/ros/humble/include/rcl_logging_interface -isystem /opt/ros/humble/include/rcl_yaml_param_parser -isystem /opt/ros/humble/include/libyaml_vendor -isystem /opt/ros/humble/include/tracetools -isystem /opt/ros/humble/include/rcpputils -isystem /opt/ros/humble/include/statistics_msgs -isystem /opt/ros/humble/include/rosgraph_msgs -isystem /opt/ros/humble/include/rosidl_typesupport_cpp -isystem /opt/ros/humble/include/rosidl_typesupport_c -isystem /opt/ros/humble/include/geometry_msgs -isystem /opt/ros/humble/include/std_msgs -isystem /opt/ros/humble/include/message_filters -Wall -Wextra -Wpedantic -MD -MT CMakeFiles/biaoding.dir/src/biaoding.cpp.o -MF CMakeFiles/biaoding.dir/src/biaoding.cpp.o.d -o CMakeFiles/biaoding.dir/src/biaoding.cpp.o -c /home/pl/ros2_ws1/src/haik/sdk_topic_cpp/src/biaoding.cpp
[1.901s] [01m[K/home/pl/ros2_ws1/src/haik/sdk_topic_cpp/src/biaoding.cpp:[m[K In constructor â€˜[01m[KHikUsbBgr8Pub::HikUsbBgr8Pub()[m[Kâ€™:
[1.901s] [01m[K/home/pl/ros2_ws1/src/haik/sdk_topic_cpp/src/biaoding.cpp:124:58:[m[K [01;31m[Kerror: [m[Kâ€˜[01m[KprintFrameRate[m[Kâ€™ is not a member of â€˜[01m[KHikUsbBgr8Pub[m[Kâ€™
[1.901s]   124 |       std::chrono::seconds(1), std::bind(&HikUsbBgr8Pub::[01;31m[KprintFrameRate[m[K, this));
[1.901s]       |                                                          [01;31m[K^~~~~~~~~~~~~~[m[K
[2.911s] gmake[2]: *** [CMakeFiles/biaoding.dir/build.make:79ï¼šCMakeFiles/biaoding.dir/src/biaoding.cpp.o] é”™è¯¯ 1
[2.912s] gmake[2]: ç¦»å¼€ç›®å½•â€œ/home/pl/ros2_ws1/build/sdk_topic_cppâ€
[2.912s] gmake[1]: ç¦»å¼€ç›®å½•â€œ/home/pl/ros2_ws1/build/sdk_topic_cppâ€
[2.912s] gmake[1]: *** [CMakeFiles/Makefile2:256ï¼šCMakeFiles/biaoding.dir/all] é”™è¯¯ 2
[2.912s] gmake: *** [Makefile:149ï¼šall] é”™è¯¯ 2
[2.915s] Invoked command in '/home/pl/ros2_ws1/build/sdk_topic_cpp' returned '2': CMAKE_PREFIX_PATH=${CMAKE_PREFIX_PATH}:/home/pl/ros2_ws1/install/sdk_launch:/opt/ros/humble CONDA_PROMPT_MODIFIER=(base) DEBUGINFOD_URLS=https://debuginfod.ubuntu.com /usr/bin/cmake --build /home/pl/ros2_ws1/build/sdk_topic_cpp -- -j20 -l20
